<?xml version="1.0" encoding="UTF-8"?>
<testsuite name="com.thoughtworks.rectangle.RectangleTest" tests="2" skipped="0" failures="0" errors="0" timestamp="2022-07-28T12:00:03" hostname="gurushifu-gurushifugitp-qz1990z9wez" time="0.016">
  <properties/>
  <testcase name="shouldTestAreaOfRectangleWhenLenghandBreadthareInDouble()" classname="com.thoughtworks.rectangle.RectangleTest" time="0.013"/>
  <testcase name="shouldTestPerimeterOfRectangleWhenLenghandBreadthareInDouble()" classname="com.thoughtworks.rectangle.RectangleTest" time="0.001"/>
  <system-out><![CDATA[]]></system-out>
  <system-err><![CDATA[]]></system-err>
</testsuite>
